[2026-01-07 16:23:05] [INFO] 开始查找 ORCID: 0000-0001-6698-2607
[2026-01-07 16:23:05] [INFO] 作者姓名: Maya Mathur -> maya mathur
[2026-01-07 16:23:06] [INFO] 作者组织: Stanford University
[2026-01-07 16:23:08] [INFO] 获取到 109 篇 ORCID 论文
[2026-01-07 16:23:09] [INFO] 名字搜索未找到，尝试论文标题搜索
[2026-01-07 16:23:18] [WARNING] 未找到匹配的 Google Scholar 账号: 0000-0001-6698-2607
[2026-01-07 16:23:19] [INFO] 开始查找 ORCID: 0000-0002-7548-8050
[2026-01-07 16:23:20] [INFO] 作者姓名: Elisabeth Gassiat -> elisabeth gassiat
[2026-01-07 16:23:22] [WARNING] [WARNING] ORCID 论文列表为空，无法进行匹配
[2026-01-07 16:23:23] [INFO] 开始查找 ORCID: 0000-0002-0360-2731
[2026-01-07 16:23:24] [INFO] 作者姓名: Zacharie Naulet -> zacharie naulet
[2026-01-07 16:23:25] [INFO] 作者组织: Université Paris-Saclay
[2026-01-07 16:23:26] [INFO] 获取到 1 篇 ORCID 论文
[2026-01-07 16:23:27] [INFO] 第 1 批找到 1 个候选人
[2026-01-07 16:23:31] [INFO] 已写入缓存: 0000-0002-0360-2731 -> https://scholar.google.com/citations?user=d3vv_6UAAAAJ&hl=zh-CN
[2026-01-07 16:23:31] [INFO] 找到匹配: https://scholar.google.com/citations?user=d3vv_6UAAAAJ&hl=zh-CN (策略: "zacharie naulet" + 组织 "Université Paris-Saclay", 迭代 1 次)
[2026-01-07 16:37:05] [INFO] 缓存命中: 0000-0002-0360-2731 -> https://scholar.google.com/citations?user=d3vv_6UAAAAJ&hl=zh-CN
[2026-01-07 16:38:46] [INFO] 开始查找 ORCID: 0000-0001-6698-2607
[2026-01-07 16:38:46] [INFO] 作者姓名: Maya Mathur -> maya mathur
[2026-01-07 16:38:46] [INFO] 作者组织: Stanford University
[2026-01-07 16:38:46] [INFO] 获取到 109 篇 ORCID 论文
[2026-01-07 16:38:47] [INFO] 名字搜索未找到，尝试论文标题搜索
[2026-01-07 16:38:47] [WARNING] 未找到匹配的 Google Scholar 账号: 0000-0001-6698-2607
[2026-01-07 16:38:48] [INFO] 开始查找 ORCID: 0000-0002-7548-8050
[2026-01-07 16:38:48] [INFO] 作者姓名: Elisabeth Gassiat -> elisabeth gassiat
[2026-01-07 16:38:48] [WARNING] [WARNING] ORCID 论文列表为空，无法进行匹配
[2026-01-07 16:38:49] [INFO] 缓存命中: 0000-0002-0360-2731 -> https://scholar.google.com/citations?user=d3vv_6UAAAAJ&hl=zh-CN
[2026-01-07 16:51:48] [INFO] 开始查找 ORCID: 0000-0002-1947-1617
[2026-01-07 16:51:49] [INFO] 作者姓名: Axel Bücher -> axel bucher
[2026-01-07 16:51:50] [INFO] 获取到 42 篇 ORCID 论文
[2026-01-07 16:51:50] [INFO] 第 1 批找到 2 个候选人
[2026-01-07 16:51:54] [INFO] 已写入缓存: 0000-0002-1947-1617 -> https://scholar.google.com/citations?user=4QyM0NR1YtMC&hl=zh-CN
[2026-01-07 16:51:54] [INFO] 找到匹配: https://scholar.google.com/citations?user=4QyM0NR1YtMC&hl=zh-CN (策略: 仅 "axel bucher", 迭代 1 次)
[2026-01-07 16:58:45] [INFO] 开始查找 ORCID: 0000-0003-0329-0595
[2026-01-07 16:58:46] [INFO] 作者姓名: Una Radojičić -> una radojicic
[2026-01-07 16:58:47] [INFO] 作者组织: TU Wien
[2026-01-07 16:58:48] [INFO] 获取到 18 篇 ORCID 论文
[2026-01-07 16:58:49] [INFO] 第 1 批找到 1 个候选人
[2026-01-07 16:58:53] [INFO] 已写入缓存: 0000-0003-0329-0595 -> https://scholar.google.com/citations?user=kTWw6lkAAAAJ&hl=zh-CN
[2026-01-07 16:58:53] [INFO] 找到匹配: https://scholar.google.com/citations?user=kTWw6lkAAAAJ&hl=zh-CN (策略: 仅 "una radojicic", 迭代 1 次)
[2026-01-07 17:09:27] [INFO] 开始查找 ORCID: 0000-0002-3758-8501
[2026-01-07 17:09:28] [INFO] 作者姓名: Klaus Nordhausen -> klaus nordhausen
[2026-01-07 17:09:28] [INFO] 作者组织: University of Helsinki
[2026-01-07 17:09:31] [INFO] 获取到 191 篇 ORCID 论文
[2026-01-07 17:09:31] [INFO] 第 1 批找到 1 个候选人
[2026-01-07 17:09:39] [INFO] 已写入缓存: 0000-0002-3758-8501 -> https://scholar.google.com/citations?user=1o_ZzL0AAAAJ&hl=zh-CN
[2026-01-07 17:09:39] [INFO] 找到匹配: https://scholar.google.com/citations?user=1o_ZzL0AAAAJ&hl=zh-CN (策略: "klaus nordhausen" + 组织 "University of Helsinki", 迭代 1 次)
[2026-01-07 18:08:00] [INFO] 开始查找 ORCID: 0000-0002-2150-2769
[2026-01-07 18:08:01] [INFO] 作者姓名: Joni Virta -> joni virta
[2026-01-07 18:08:02] [INFO] 作者组织: Aalto-yliopisto Perustieteiden korkeakoulu
[2026-01-07 18:08:03] [INFO] 获取到 46 篇 ORCID 论文
[2026-01-07 18:08:04] [INFO] 第 1 批找到 1 个候选人
[2026-01-07 18:08:08] [INFO] 已写入缓存: 0000-0002-2150-2769 -> https://scholar.google.com/citations?user=jENyHSsAAAAJ&hl=zh-CN
[2026-01-07 18:08:08] [INFO] 找到匹配: https://scholar.google.com/citations?user=jENyHSsAAAAJ&hl=zh-CN (策略: 仅 "joni virta", 迭代 1 次)
[2026-01-08 12:29:05] [INFO] 缓存命中: 0000-0002-2150-2769 -> https://scholar.google.com/citations?user=jENyHSsAAAAJ&hl=zh-CN
