[2026-05-02 03:24:06] [INFO] 开始查找 ORCID: 0000-0002-7846-8717
[2026-05-02 03:24:07] [INFO] 作者姓名: Alexey Firsov -> alexey firsov
[2026-05-02 03:24:07] [INFO] 作者组织: D.V.Efremov Institute of Electrophysical Apparatus (Russia)
[2026-05-02 03:24:07] [INFO] 获取到 8 篇 ORCID 论文
[2026-05-02 03:24:10] [INFO] 第 1 批找到 2 个候选人
[2026-05-02 03:25:14] [INFO] 名字搜索未找到，尝试论文标题搜索
[2026-05-02 03:25:15] [WARNING] 未找到匹配的 Google Scholar 账号: 0000-0002-7846-8717
[2026-05-02 03:30:32] [INFO] 开始查找 ORCID: 0000-0002-7846-8717
[2026-05-02 03:30:32] [INFO] 作者姓名: Alexey Firsov -> alexey firsov
[2026-05-02 03:30:32] [INFO] 作者组织: D.V.Efremov Institute of Electrophysical Apparatus (Russia)
[2026-05-02 03:30:32] [INFO] 获取到 8 篇 ORCID 论文
[2026-05-02 03:30:32] [INFO] 第 1 批找到 2 个候选人
[2026-05-02 03:31:39] [INFO] 名字搜索未找到，尝试论文标题搜索
[2026-05-02 03:31:39] [WARNING] 未找到匹配的 Google Scholar 账号: 0000-0002-7846-8717
[2026-05-02 03:32:01] [INFO] 开始查找 ORCID: 0009-0008-8421-3471
[2026-05-02 03:32:02] [INFO] 作者姓名: Andreea Dumitrescu -> andreea dumitrescu
[2026-05-02 03:32:02] [INFO] 获取到 1 篇 ORCID 论文
[2026-05-02 03:32:03] [INFO] 第 1 批找到 3 个候选人
[2026-05-02 03:33:39] [INFO] 名字搜索未找到，尝试论文标题搜索
[2026-05-02 03:33:42] [INFO] 论文 'Botulinum Toxin in the Therapy...' 找到 1 个候选人
[2026-05-02 03:34:16] [WARNING] 未找到匹配的 Google Scholar 账号: 0009-0008-8421-3471
[2026-05-02 11:38:39] [INFO] 开始查找 ORCID: 0009-0008-8421-3471
[2026-05-02 11:38:39] [INFO] 作者姓名: Andreea Dumitrescu -> andreea dumitrescu
[2026-05-02 11:38:39] [INFO] 获取到 1 篇 ORCID 论文
[2026-05-02 11:38:39] [INFO] 第 1 批找到 3 个候选人
[2026-05-02 11:40:12] [INFO] 名字搜索未找到，尝试论文标题搜索
[2026-05-02 11:40:12] [INFO] 论文 'Botulinum Toxin in the Therapy...' 找到 1 个候选人
[2026-05-02 11:40:44] [WARNING] 未找到匹配的 Google Scholar 账号: 0009-0008-8421-3471
[2026-05-02 12:35:25] [INFO] 使用 Chrome 二进制: /root/.cache/selenium/chrome/linux64/148.0.7778.97/chrome (selenium-manager)
[2026-05-02 12:35:35] [INFO] 使用 Chrome 二进制: /root/.cache/selenium/chrome/linux64/148.0.7778.97/chrome (selenium-manager)
[2026-05-02 12:38:24] [INFO] 使用 Chrome 二进制: /root/.cache/selenium/chrome/linux64/148.0.7778.97/chrome (selenium-manager)
[2026-05-02 12:38:52] [INFO] 开始查找 ORCID: 0009-0008-8421-3471
[2026-05-02 12:38:52] [INFO] 作者姓名: Andreea Dumitrescu -> andreea dumitrescu
[2026-05-02 12:38:52] [INFO] 获取到 1 篇 ORCID 论文
[2026-05-02 12:38:52] [INFO] 第 1 批找到 3 个候选人
[2026-05-02 12:39:05] [INFO] 使用 Chrome 二进制: /root/.cache/selenium/chrome/linux64/148.0.7778.97/chrome (selenium-manager)
[2026-05-02 12:39:29] [INFO] 已写入缓存: 0009-0008-8421-3471 -> https://scholar.google.com/citations?user=g_U6FCMAAAAJ&hl=zh-CN
[2026-05-02 12:39:29] [INFO] 找到匹配: https://scholar.google.com/citations?user=g_U6FCMAAAAJ&hl=zh-CN (策略: 仅 "andreea dumitrescu", 迭代 1 次, Google Search 1 次)
[2026-05-02 12:42:02] [INFO] 使用 Chrome 二进制: /root/.cache/selenium/chrome/linux64/148.0.7778.97/chrome (selenium-manager)
[2026-05-02 12:43:19] [INFO] 开始查找 ORCID: 0000-0002-1429-026X
[2026-05-02 12:43:20] [INFO] 作者姓名: Andreas Eckert -> andreas eckert
[2026-05-02 12:43:21] [INFO] 作者组织: Missouri University of Science and Technology
[2026-05-02 12:43:22] [WARNING] [WARNING] ORCID 论文列表为空，无法进行匹配
[2026-05-02 12:44:52] [INFO] 开始查找 ORCID: 0009-0002-6052-9902
[2026-05-02 12:44:53] [INFO] 作者姓名: Alan Matthew Ehrlich -> alan matthew ehrlich
[2026-05-02 12:44:54] [WARNING] [WARNING] ORCID 论文列表为空，无法进行匹配
[2026-05-02 12:46:13] [INFO] 开始查找 ORCID: 0000-0002-7846-8717
[2026-05-02 12:46:13] [INFO] 作者姓名: Alexey Firsov -> alexey firsov
[2026-05-02 12:46:13] [INFO] 作者组织: D.V.Efremov Institute of Electrophysical Apparatus (Russia)
[2026-05-02 12:46:13] [INFO] 获取到 8 篇 ORCID 论文
[2026-05-02 12:46:13] [INFO] 第 1 批找到 2 个候选人
[2026-05-02 12:46:13] [INFO] 使用 Chrome 二进制: /root/.cache/selenium/chrome/linux64/148.0.7778.97/chrome (selenium-manager)
[2026-05-02 12:46:21] [INFO] 名字搜索未找到，尝试论文标题搜索
[2026-05-02 12:46:24] [WARNING] 未找到匹配的 Google Scholar 账号: 0000-0002-7846-8717
[2026-05-02 12:46:59] [INFO] 开始查找 ORCID: 0000-0002-7846-8717
[2026-05-02 12:46:59] [INFO] 作者姓名: Alexey Firsov -> alexey firsov
[2026-05-02 12:46:59] [INFO] 作者组织: D.V.Efremov Institute of Electrophysical Apparatus (Russia)
[2026-05-02 12:46:59] [INFO] 获取到 8 篇 ORCID 论文
[2026-05-02 12:46:59] [INFO] 第 1 批找到 2 个候选人
[2026-05-02 12:46:59] [INFO] 名字搜索未找到，尝试论文标题搜索
[2026-05-02 12:46:59] [WARNING] 未找到匹配的 Google Scholar 账号: 0000-0002-7846-8717
[2026-05-02 12:47:55] [INFO] 开始查找 ORCID: 0000-0001-8616-920X
[2026-05-02 12:47:55] [INFO] 作者姓名: Fain Alexey -> fain alexey
[2026-05-02 12:47:57] [INFO] 获取到 36 篇 ORCID 论文
[2026-05-02 12:47:58] [INFO] 第 1 批找到 2 个候选人
[2026-05-02 12:47:58] [INFO] 使用 Chrome 二进制: /root/.cache/selenium/chrome/linux64/148.0.7778.97/chrome (selenium-manager)
[2026-05-02 12:48:07] [INFO] 名字搜索未找到，尝试论文标题搜索
[2026-05-02 12:48:09] [WARNING] 未找到匹配的 Google Scholar 账号: 0000-0001-8616-920X
