[2026-03-30 15:31:31] [INFO] IterAgent 初始化: k=3, n=2
[2026-03-30 15:31:31] [INFO] IterAgent 开始: Wei Huang, URL: https://pathology.wisc.edu/staff/huang-wei/
[2026-03-30 15:31:31] [INFO] IterAgent 初始化: k=3, n=2
[2026-03-30 15:31:31] [INFO] IterAgent 开始: Wei Huang, URL: https://scholar.google.com/citations?user=iWykd1cAAAAJ&hl=en
[2026-03-30 15:31:31] [INFO] IterAgent 初始化: k=3, n=2
[2026-03-30 15:31:31] [INFO] IterAgent 开始: Wei Huang, URL: https://pubmed.ncbi.nlm.nih.gov/26694445/
[2026-03-30 15:31:32] [INFO] Xvfb 已启动: DISPLAY=:175
[2026-03-30 15:31:32] [INFO] Xvfb 已启动: DISPLAY=:177
[2026-03-30 15:31:32] [INFO] Xvfb 已启动: DISPLAY=:178
[2026-03-30 15:31:33] [INFO] 等待 Chrome 初始化锁...
[2026-03-30 15:31:33] [INFO] 未检测到 Chrome 主版本，将由 uc 自动选择驱动
[2026-03-30 15:31:33] [INFO] 等待 Chrome 初始化锁...
[2026-03-30 15:31:33] [INFO] 等待 Chrome 初始化锁...
[2026-03-30 15:31:33] [INFO] 未检测到 Chrome 主版本，将由 uc 自动选择驱动
[2026-03-30 15:31:34] [INFO] 等待 Chrome 初始化锁...
[2026-03-30 15:31:34] [INFO] 未检测到 Chrome 主版本，将由 uc 自动选择驱动
[2026-03-30 15:31:34] [INFO] 等待 Chrome 初始化锁...
[2026-03-30 15:31:37] [INFO] 未检测到 Chrome 主版本，将由 uc 自动选择驱动
[2026-03-30 15:31:37] [INFO] 未检测到 Chrome 主版本，将由 uc 自动选择驱动
[2026-03-30 15:31:37] [INFO] Xvfb 已停止
[2026-03-30 15:31:37] [INFO] 等待 Chrome 初始化锁...
[2026-03-30 15:31:38] [INFO] 未检测到 Chrome 主版本，将由 uc 自动选择驱动
[2026-03-30 15:31:38] [INFO] Xvfb 已停止
[2026-03-30 15:31:38] [INFO] Xvfb 已启动: DISPLAY=:177
[2026-03-30 15:31:39] [INFO] 等待 Chrome 初始化锁...
[2026-03-30 15:31:39] [INFO] 未检测到 Chrome 主版本，将由 uc 自动选择驱动
[2026-03-30 15:31:39] [INFO] Xvfb 已停止
[2026-03-30 15:31:39] [INFO] Xvfb 已启动: DISPLAY=:178
[2026-03-30 15:31:39] [INFO] 等待 Chrome 初始化锁...
[2026-03-30 15:31:40] [INFO] 未检测到 Chrome 主版本，将由 uc 自动选择驱动
[2026-03-30 15:31:40] [ERROR] 执行失败: navigate, Binary Location Must be a String
[2026-03-30 15:31:40] [INFO] Xvfb 已停止
[2026-03-30 15:31:40] [INFO] Xvfb 已启动: DISPLAY=:175
[2026-03-30 15:31:40] [INFO] 等待 Chrome 初始化锁...
[2026-03-30 15:31:40] [INFO] IterAgent 初始化: k=3, n=2
[2026-03-30 15:31:40] [INFO] IterAgent 开始: Wei Huang, URL: https://orcid.org/0000-0001-7004-6408
[2026-03-30 15:31:40] [INFO] 未检测到 Chrome 主版本，将由 uc 自动选择驱动
[2026-03-30 15:31:40] [ERROR] 执行失败: navigate, Binary Location Must be a String
[2026-03-30 15:31:40] [INFO] Xvfb 已停止
[2026-03-30 15:31:41] [INFO] Xvfb 已启动: DISPLAY=:122
[2026-03-30 15:31:41] [INFO] IterAgent 初始化: k=3, n=2
[2026-03-30 15:31:41] [INFO] IterAgent 开始: Wei Huang, URL: https://tsung-wei-huang.github.io/
[2026-03-30 15:31:41] [ERROR] 执行失败: navigate, Binary Location Must be a String
[2026-03-30 15:31:41] [INFO] Xvfb 已停止
[2026-03-30 15:31:41] [INFO] 等待 Chrome 初始化锁...
[2026-03-30 15:31:41] [INFO] 未检测到 Chrome 主版本，将由 uc 自动选择驱动
[2026-03-30 15:31:42] [INFO] IterAgent 初始化: k=3, n=2
[2026-03-30 15:31:42] [INFO] IterAgent 开始: Wei Huang, URL: https://uwm.edu/geography/about/alumni/phdawarded/
[2026-03-30 15:31:42] [INFO] Xvfb 已启动: DISPLAY=:133
[2026-03-30 15:31:42] [INFO] 等待 Chrome 初始化锁...
[2026-03-30 15:31:42] [INFO] 未检测到 Chrome 主版本，将由 uc 自动选择驱动
[2026-03-30 15:31:42] [INFO] 等待 Chrome 初始化锁...
[2026-03-30 15:31:43] [INFO] Xvfb 已启动: DISPLAY=:144
[2026-03-30 15:31:43] [INFO] 等待 Chrome 初始化锁...
[2026-03-30 15:31:44] [INFO] 未检测到 Chrome 主版本，将由 uc 自动选择驱动
[2026-03-30 15:31:44] [INFO] 未检测到 Chrome 主版本，将由 uc 自动选择驱动
[2026-03-30 15:31:44] [INFO] Xvfb 已停止
[2026-03-30 15:31:44] [INFO] 等待 Chrome 初始化锁...
[2026-03-30 15:31:44] [INFO] 未检测到 Chrome 主版本，将由 uc 自动选择驱动
[2026-03-30 15:31:45] [INFO] 等待 Chrome 初始化锁...
[2026-03-30 15:31:45] [INFO] Xvfb 已启动: DISPLAY=:122
[2026-03-30 15:31:45] [INFO] 未检测到 Chrome 主版本，将由 uc 自动选择驱动
[2026-03-30 15:31:45] [INFO] Xvfb 已停止
[2026-03-30 15:31:45] [INFO] 等待 Chrome 初始化锁...
[2026-03-30 15:31:46] [INFO] 未检测到 Chrome 主版本，将由 uc 自动选择驱动
[2026-03-30 15:31:46] [INFO] Xvfb 已停止
[2026-03-30 15:31:46] [INFO] Xvfb 已启动: DISPLAY=:133
[2026-03-30 15:31:47] [INFO] 等待 Chrome 初始化锁...
[2026-03-30 15:31:47] [INFO] 未检测到 Chrome 主版本，将由 uc 自动选择驱动
[2026-03-30 15:31:47] [ERROR] 执行失败: navigate, Binary Location Must be a String
[2026-03-30 15:31:47] [INFO] Xvfb 已停止
[2026-03-30 15:31:47] [INFO] Xvfb 已启动: DISPLAY=:144
[2026-03-30 15:31:47] [INFO] 等待 Chrome 初始化锁...
[2026-03-30 15:31:48] [INFO] 未检测到 Chrome 主版本，将由 uc 自动选择驱动
[2026-03-30 15:31:48] [ERROR] 执行失败: navigate, Binary Location Must be a String
[2026-03-30 15:31:48] [INFO] Xvfb 已停止
[2026-03-30 15:31:48] [INFO] IterAgent 初始化: k=3, n=2
[2026-03-30 15:31:48] [INFO] IterAgent 开始: Wei Huang, URL: https://www.linkedin.com/pub/dir/Wei-chen/Huang
[2026-03-30 15:31:48] [INFO] IterAgent 初始化: k=3, n=2
[2026-03-30 15:31:48] [INFO] IterAgent 开始: Wei Huang, URL: https://uwm.edu/engineering/directory/gong-dah-chuan/
[2026-03-30 15:31:48] [ERROR] 执行失败: navigate, Binary Location Must be a String
[2026-03-30 15:31:48] [INFO] Xvfb 已停止
[2026-03-30 15:31:49] [INFO] Xvfb 已启动: DISPLAY=:169
[2026-03-30 15:31:49] [INFO] 等待 Chrome 初始化锁...
[2026-03-30 15:31:49] [INFO] 未检测到 Chrome 主版本，将由 uc 自动选择驱动
[2026-03-30 15:31:49] [INFO] Xvfb 已启动: DISPLAY=:180
[2026-03-30 15:31:49] [INFO] IterAgent 初始化: k=3, n=2
[2026-03-30 15:31:49] [INFO] IterAgent 开始: Wei Huang, URL: https://pmc.ncbi.nlm.nih.gov/articles/PMC11005678/
[2026-03-30 15:31:49] [INFO] 等待 Chrome 初始化锁...
[2026-03-30 15:31:49] [INFO] 未检测到 Chrome 主版本，将由 uc 自动选择驱动
[2026-03-30 15:31:49] [INFO] 等待 Chrome 初始化锁...
[2026-03-30 15:31:50] [INFO] 未检测到 Chrome 主版本，将由 uc 自动选择驱动
[2026-03-30 15:31:50] [INFO] Xvfb 已停止
[2026-03-30 15:31:50] [INFO] Xvfb 已启动: DISPLAY=:191
[2026-03-30 15:31:50] [INFO] 等待 Chrome 初始化锁...
[2026-03-30 15:31:51] [INFO] 未检测到 Chrome 主版本，将由 uc 自动选择驱动
[2026-03-30 15:31:51] [INFO] Xvfb 已启动: DISPLAY=:169
[2026-03-30 15:31:51] [INFO] 等待 Chrome 初始化锁...
[2026-03-30 15:31:51] [INFO] 未检测到 Chrome 主版本，将由 uc 自动选择驱动
[2026-03-30 15:31:51] [INFO] 等待 Chrome 初始化锁...
[2026-03-30 15:31:52] [INFO] 等待 Chrome 初始化锁...
[2026-03-30 15:31:52] [INFO] 未检测到 Chrome 主版本，将由 uc 自动选择驱动
[2026-03-30 15:31:52] [INFO] Xvfb 已停止
[2026-03-30 15:31:53] [INFO] 未检测到 Chrome 主版本，将由 uc 自动选择驱动
[2026-03-30 15:31:53] [ERROR] 执行失败: navigate, Binary Location Must be a String
[2026-03-30 15:31:53] [INFO] Xvfb 已停止
[2026-03-30 15:31:53] [INFO] Xvfb 已启动: DISPLAY=:180
[2026-03-30 15:31:54] [INFO] 等待 Chrome 初始化锁...
[2026-03-30 15:31:54] [INFO] 未检测到 Chrome 主版本，将由 uc 自动选择驱动
[2026-03-30 15:31:54] [INFO] Xvfb 已停止
[2026-03-30 15:31:54] [INFO] IterAgent 初始化: k=3, n=2
[2026-03-30 15:31:54] [INFO] IterAgent 开始: Wei Huang, URL: https://pubs.acs.org/doi/abs/10.1021/acsami.0c16495
[2026-03-30 15:31:55] [ERROR] 执行失败: navigate, Binary Location Must be a String
[2026-03-30 15:31:55] [INFO] Xvfb 已停止
[2026-03-30 15:31:55] [INFO] Xvfb 已启动: DISPLAY=:191
[2026-03-30 15:31:55] [INFO] Xvfb 已启动: DISPLAY=:112
[2026-03-30 15:31:55] [INFO] 等待 Chrome 初始化锁...
[2026-03-30 15:31:55] [INFO] 未检测到 Chrome 主版本，将由 uc 自动选择驱动
[2026-03-30 15:31:55] [INFO] 等待 Chrome 初始化锁...
[2026-03-30 15:31:56] [INFO] 未检测到 Chrome 主版本，将由 uc 自动选择驱动
[2026-03-30 15:31:57] [ERROR] 执行失败: navigate, Binary Location Must be a String
[2026-03-30 15:31:57] [INFO] Xvfb 已停止
[2026-03-30 15:31:57] [INFO] 等待 Chrome 初始化锁...
[2026-03-30 15:31:57] [INFO] 未检测到 Chrome 主版本，将由 uc 自动选择驱动
[2026-03-30 15:31:57] [INFO] Xvfb 已停止
[2026-03-30 15:31:58] [INFO] Xvfb 已启动: DISPLAY=:112
[2026-03-30 15:31:59] [INFO] 等待 Chrome 初始化锁...
[2026-03-30 15:31:59] [INFO] 未检测到 Chrome 主版本，将由 uc 自动选择驱动
[2026-03-30 15:31:59] [ERROR] 执行失败: navigate, Binary Location Must be a String
[2026-03-30 15:31:59] [INFO] Xvfb 已停止
[2026-03-30 15:32:00] [INFO] IterAgent 初始化: k=3, n=2
[2026-03-30 15:32:00] [INFO] IterAgent 开始: Wei Huang, URL: https://uwm.edu/publichealth/directory/luo-jake/
[2026-03-30 15:32:00] [INFO] IterAgent 初始化: k=3, n=2
[2026-03-30 15:32:00] [INFO] IterAgent 开始: Wei Huang, URL: https://uwm.edu/publichealth/directory/wu-min/
[2026-03-30 15:32:00] [INFO] IterAgent 初始化: k=3, n=2
[2026-03-30 15:32:00] [INFO] IterAgent 开始: Wei Huang, URL: https://uwm.edu/business/wp-content/uploads/sites/554/2024/08/Xiaohui-Zhang-CV-07222024.pdf
[2026-03-30 15:32:01] [INFO] Xvfb 已启动: DISPLAY=:149
[2026-03-30 15:32:01] [INFO] Xvfb 已启动: DISPLAY=:148
[2026-03-30 15:32:01] [INFO] Xvfb 已启动: DISPLAY=:150
[2026-03-30 15:32:02] [INFO] 等待 Chrome 初始化锁...
[2026-03-30 15:32:02] [INFO] 未检测到 Chrome 主版本，将由 uc 自动选择驱动
[2026-03-30 15:32:02] [INFO] 等待 Chrome 初始化锁...
[2026-03-30 15:32:02] [INFO] 等待 Chrome 初始化锁...
[2026-03-30 15:32:02] [INFO] 未检测到 Chrome 主版本，将由 uc 自动选择驱动
[2026-03-30 15:32:02] [INFO] 等待 Chrome 初始化锁...
[2026-03-30 15:32:02] [INFO] 未检测到 Chrome 主版本，将由 uc 自动选择驱动
[2026-03-30 15:32:03] [INFO] 等待 Chrome 初始化锁...
[2026-03-30 15:32:03] [INFO] 未检测到 Chrome 主版本，将由 uc 自动选择驱动
[2026-03-30 15:32:03] [INFO] 等待 Chrome 初始化锁...
[2026-03-30 15:32:04] [INFO] 未检测到 Chrome 主版本，将由 uc 自动选择驱动
[2026-03-30 15:32:04] [INFO] Xvfb 已停止
[2026-03-30 15:32:05] [INFO] 未检测到 Chrome 主版本，将由 uc 自动选择驱动
[2026-03-30 15:32:05] [INFO] Xvfb 已停止
[2026-03-30 15:32:05] [INFO] Xvfb 已启动: DISPLAY=:148
[2026-03-30 15:32:05] [INFO] 等待 Chrome 初始化锁...
[2026-03-30 15:32:06] [INFO] Xvfb 已启动: DISPLAY=:150
[2026-03-30 15:32:06] [INFO] 等待 Chrome 初始化锁...
[2026-03-30 15:32:06] [INFO] 未检测到 Chrome 主版本，将由 uc 自动选择驱动
[2026-03-30 15:32:06] [INFO] Xvfb 已停止
[2026-03-30 15:32:07] [INFO] 未检测到 Chrome 主版本，将由 uc 自动选择驱动
[2026-03-30 15:32:07] [ERROR] 执行失败: navigate, Binary Location Must be a String
[2026-03-30 15:32:07] [INFO] Xvfb 已启动: DISPLAY=:149
[2026-03-30 15:32:07] [INFO] Xvfb 已停止
[2026-03-30 15:32:07] [INFO] 等待 Chrome 初始化锁...
[2026-03-30 15:32:08] [INFO] 未检测到 Chrome 主版本，将由 uc 自动选择驱动
[2026-03-30 15:32:08] [ERROR] 执行失败: navigate, Binary Location Must be a String
[2026-03-30 15:32:08] [INFO] Xvfb 已停止
[2026-03-30 15:32:08] [INFO] IterAgent 初始化: k=3, n=2
[2026-03-30 15:32:08] [INFO] IterAgent 开始: Wei Huang, URL: https://uwm.edu/graduation/wp-content/uploads/sites/749/2025/08/May-2025-Commencement-Program.pdf
[2026-03-30 15:32:08] [INFO] IterAgent 初始化: k=3, n=2
[2026-03-30 15:32:08] [INFO] IterAgent 开始: Wei Huang, URL: https://minds.wisconsin.edu/handle/1793/89748
[2026-03-30 15:32:09] [INFO] Xvfb 已启动: DISPLAY=:193
[2026-03-30 15:32:09] [ERROR] 执行失败: navigate, Binary Location Must be a String
[2026-03-30 15:32:09] [INFO] Xvfb 已停止
[2026-03-30 15:32:09] [INFO] 等待 Chrome 初始化锁...
[2026-03-30 15:32:09] [INFO] 未检测到 Chrome 主版本，将由 uc 自动选择驱动
[2026-03-30 15:32:09] [INFO] Xvfb 已启动: DISPLAY=:104
[2026-03-30 15:32:10] [INFO] 等待 Chrome 初始化锁...
[2026-03-30 15:32:10] [INFO] 未检测到 Chrome 主版本，将由 uc 自动选择驱动
[2026-03-30 15:32:10] [INFO] 等待 Chrome 初始化锁...
[2026-03-30 15:32:10] [INFO] IterAgent 初始化: k=3, n=2
[2026-03-30 15:32:10] [INFO] IterAgent 开始: Wei Huang, URL: https://pubsonline.informs.org/doi/10.1287/isre.1120.0464
[2026-03-30 15:32:10] [INFO] 未检测到 Chrome 主版本，将由 uc 自动选择驱动
[2026-03-30 15:32:10] [INFO] Xvfb 已停止
[2026-03-30 15:32:11] [INFO] Xvfb 已启动: DISPLAY=:115
[2026-03-30 15:32:11] [INFO] Xvfb 已启动: DISPLAY=:193
[2026-03-30 15:32:11] [INFO] 等待 Chrome 初始化锁...
[2026-03-30 15:32:11] [INFO] 未检测到 Chrome 主版本，将由 uc 自动选择驱动
[2026-03-30 15:32:11] [INFO] 等待 Chrome 初始化锁...
[2026-03-30 15:32:11] [INFO] 等待 Chrome 初始化锁...
[2026-03-30 15:32:12] [INFO] 未检测到 Chrome 主版本，将由 uc 自动选择驱动
[2026-03-30 15:32:12] [INFO] 等待 Chrome 初始化锁...
[2026-03-30 15:32:13] [INFO] 未检测到 Chrome 主版本，将由 uc 自动选择驱动
[2026-03-30 15:32:13] [ERROR] 执行失败: navigate, Binary Location Must be a String
[2026-03-30 15:32:13] [INFO] Xvfb 已停止
[2026-03-30 15:32:13] [INFO] IterAgent 初始化: k=3, n=2
[2026-03-30 15:32:13] [INFO] IterAgent 开始: Wei Huang, URL: https://asmedigitalcollection.asme.org/computingengineering/article-abstract/25/8/080801/1215317
[2026-03-30 15:32:13] [INFO] 未检测到 Chrome 主版本，将由 uc 自动选择驱动
[2026-03-30 15:32:13] [INFO] Xvfb 已停止
[2026-03-30 15:32:14] [INFO] Xvfb 已启动: DISPLAY=:132
[2026-03-30 15:32:14] [INFO] 等待 Chrome 初始化锁...
[2026-03-30 15:32:14] [INFO] Xvfb 已启动: DISPLAY=:104
[2026-03-30 15:32:15] [INFO] 未检测到 Chrome 主版本，将由 uc 自动选择驱动
[2026-03-30 15:32:15] [INFO] Xvfb 已停止
[2026-03-30 15:32:15] [INFO] 等待 Chrome 初始化锁...
[2026-03-30 15:32:15] [INFO] 未检测到 Chrome 主版本，将由 uc 自动选择驱动
[2026-03-30 15:32:15] [INFO] 等待 Chrome 初始化锁...
[2026-03-30 15:32:16] [INFO] Xvfb 已启动: DISPLAY=:115
[2026-03-30 15:32:16] [INFO] 等待 Chrome 初始化锁...
[2026-03-30 15:32:16] [INFO] 未检测到 Chrome 主版本，将由 uc 自动选择驱动
[2026-03-30 15:32:16] [ERROR] 执行失败: navigate, Binary Location Must be a String
[2026-03-30 15:32:16] [INFO] Xvfb 已停止
[2026-03-30 15:32:17] [INFO] IterAgent 初始化: k=3, n=2
[2026-03-30 15:32:17] [INFO] IterAgent 开始: Wei Huang, URL: https://uwm.edu/business/research/recent-publications/
[2026-03-30 15:32:17] [INFO] 未检测到 Chrome 主版本，将由 uc 自动选择驱动
[2026-03-30 15:32:17] [INFO] Xvfb 已停止
[2026-03-30 15:32:18] [ERROR] 执行失败: navigate, Binary Location Must be a String
[2026-03-30 15:32:18] [INFO] Xvfb 已停止
[2026-03-30 15:32:18] [INFO] Xvfb 已启动: DISPLAY=:151
[2026-03-30 15:32:18] [INFO] Xvfb 已启动: DISPLAY=:132
[2026-03-30 15:32:18] [INFO] 等待 Chrome 初始化锁...
[2026-03-30 15:32:18] [INFO] 未检测到 Chrome 主版本，将由 uc 自动选择驱动
[2026-03-30 15:32:18] [INFO] 等待 Chrome 初始化锁...
[2026-03-30 15:32:18] [INFO] IterAgent 初始化: k=3, n=2
[2026-03-30 15:32:18] [INFO] IterAgent 开始: Wei Huang, URL: https://pmc.ncbi.nlm.nih.gov/articles/PMC11005678/
[2026-03-30 15:32:19] [INFO] 未检测到 Chrome 主版本，将由 uc 自动选择驱动
[2026-03-30 15:32:19] [ERROR] 执行失败: navigate, Binary Location Must be a String
[2026-03-30 15:32:19] [INFO] Xvfb 已停止
[2026-03-30 15:32:19] [INFO] Xvfb 已启动: DISPLAY=:166
[2026-03-30 15:32:19] [INFO] 等待 Chrome 初始化锁...
[2026-03-30 15:32:20] [INFO] 未检测到 Chrome 主版本，将由 uc 自动选择驱动
[2026-03-30 15:32:20] [INFO] IterAgent 初始化: k=3, n=2
[2026-03-30 15:32:20] [INFO] IterAgent 开始: Wei Huang, URL: https://geography.wisc.edu/staff/gao-song/
[2026-03-30 15:32:20] [INFO] 等待 Chrome 初始化锁...
[2026-03-30 15:32:20] [INFO] 未检测到 Chrome 主版本，将由 uc 自动选择驱动
[2026-03-30 15:32:20] [INFO] 等待 Chrome 初始化锁...
[2026-03-30 15:32:21] [INFO] Xvfb 已启动: DISPLAY=:177
[2026-03-30 15:32:21] [INFO] 未检测到 Chrome 主版本，将由 uc 自动选择驱动
[2026-03-30 15:32:21] [INFO] Xvfb 已停止
[2026-03-30 15:32:21] [INFO] 等待 Chrome 初始化锁...
[2026-03-30 15:32:22] [INFO] 未检测到 Chrome 主版本，将由 uc 自动选择驱动
[2026-03-30 15:32:22] [INFO] Xvfb 已停止
[2026-03-30 15:32:22] [INFO] Xvfb 已启动: DISPLAY=:166
[2026-03-30 15:32:22] [INFO] 等待 Chrome 初始化锁...
[2026-03-30 15:32:22] [INFO] 未检测到 Chrome 主版本，将由 uc 自动选择驱动
[2026-03-30 15:32:22] [INFO] 等待 Chrome 初始化锁...
[2026-03-30 15:32:23] [INFO] Xvfb 已启动: DISPLAY=:151
[2026-03-30 15:32:23] [INFO] 等待 Chrome 初始化锁...
[2026-03-30 15:32:23] [INFO] 未检测到 Chrome 主版本，将由 uc 自动选择驱动
[2026-03-30 15:32:23] [ERROR] 执行失败: navigate, Binary Location Must be a String
[2026-03-30 15:32:23] [INFO] Xvfb 已停止
[2026-03-30 15:32:24] [INFO] 未检测到 Chrome 主版本，将由 uc 自动选择驱动
[2026-03-30 15:32:24] [INFO] Xvfb 已停止
[2026-03-30 15:32:25] [ERROR] 执行失败: navigate, Binary Location Must be a String
[2026-03-30 15:32:25] [INFO] Xvfb 已停止
[2026-03-30 15:32:25] [INFO] Xvfb 已启动: DISPLAY=:177
[2026-03-30 15:32:25] [INFO] 等待 Chrome 初始化锁...
[2026-03-30 15:32:25] [INFO] 未检测到 Chrome 主版本，将由 uc 自动选择驱动
[2026-03-30 15:32:26] [ERROR] 执行失败: navigate, Binary Location Must be a String
[2026-03-30 15:32:26] [INFO] Xvfb 已停止
[2026-03-30 16:26:45] [INFO] IterAgent 初始化: k=3, n=2
[2026-03-30 16:26:45] [INFO] IterAgent 开始: Askar A Kleefeldt, URL: https://pubs.acs.org/doi/full/10.1021/acs.biochem.5c00075
[2026-03-30 16:26:45] [INFO] IterAgent 初始化: k=3, n=2
[2026-03-30 16:26:45] [INFO] IterAgent 开始: Askar A Kleefeldt, URL: https://pubmed.ncbi.nlm.nih.gov/37380776/
[2026-03-30 16:26:45] [INFO] IterAgent 初始化: k=3, n=2
[2026-03-30 16:26:45] [INFO] IterAgent 开始: Askar A Kleefeldt, URL: https://www2.mrc-lmb.cam.ac.uk/ccsb/2022/08/askar-kleefeldt/
[2026-03-30 16:26:46] [INFO] Xvfb 已启动: DISPLAY=:190
[2026-03-30 16:26:46] [INFO] Xvfb 已启动: DISPLAY=:186
[2026-03-30 16:26:46] [INFO] Xvfb 已启动: DISPLAY=:189
[2026-03-30 16:26:46] [INFO] 等待 Chrome 初始化锁...
[2026-03-30 16:26:46] [INFO] 未检测到 Chrome 主版本，将由 uc 自动选择驱动
[2026-03-30 16:26:46] [INFO] 等待 Chrome 初始化锁...
[2026-03-30 16:26:46] [INFO] 未检测到 Chrome 主版本，将由 uc 自动选择驱动
[2026-03-30 16:26:46] [INFO] 等待 Chrome 初始化锁...
[2026-03-30 16:26:46] [INFO] 等待 Chrome 初始化锁...
[2026-03-30 16:26:47] [INFO] 未检测到 Chrome 主版本，将由 uc 自动选择驱动
[2026-03-30 16:26:48] [INFO] 等待 Chrome 初始化锁...
[2026-03-30 16:26:48] [INFO] 未检测到 Chrome 主版本，将由 uc 自动选择驱动
[2026-03-30 16:26:48] [INFO] 等待 Chrome 初始化锁...
[2026-03-30 16:26:48] [INFO] 未检测到 Chrome 主版本，将由 uc 自动选择驱动
[2026-03-30 16:26:48] [INFO] Xvfb 已停止
[2026-03-30 16:26:49] [INFO] 未检测到 Chrome 主版本，将由 uc 自动选择驱动
[2026-03-30 16:26:49] [INFO] Xvfb 已停止
[2026-03-30 16:26:49] [INFO] Xvfb 已启动: DISPLAY=:186
[2026-03-30 16:26:50] [INFO] 等待 Chrome 初始化锁...
[2026-03-30 16:26:50] [INFO] 未检测到 Chrome 主版本，将由 uc 自动选择驱动
[2026-03-30 16:26:50] [INFO] Xvfb 已停止
[2026-03-30 16:26:50] [INFO] Xvfb 已启动: DISPLAY=:189
[2026-03-30 16:26:51] [ERROR] 执行失败: navigate, Binary Location Must be a String
[2026-03-30 16:26:51] [INFO] Xvfb 已停止
[2026-03-30 16:26:51] [INFO] 等待 Chrome 初始化锁...
[2026-03-30 16:26:51] [INFO] 未检测到 Chrome 主版本，将由 uc 自动选择驱动
[2026-03-30 16:26:51] [INFO] Xvfb 已启动: DISPLAY=:190
[2026-03-30 16:26:51] [INFO] IterAgent 初始化: k=3, n=2
[2026-03-30 16:26:51] [INFO] IterAgent 开始: Askar A Kleefeldt, URL: https://orcid.org/0000-0002-8164-2464
[2026-03-30 16:26:51] [INFO] 等待 Chrome 初始化锁...
[2026-03-30 16:26:51] [INFO] 未检测到 Chrome 主版本，将由 uc 自动选择驱动
[2026-03-30 16:26:51] [ERROR] 执行失败: navigate, Binary Location Must be a String
[2026-03-30 16:26:51] [INFO] Xvfb 已停止
[2026-03-30 16:26:52] [ERROR] 执行失败: navigate, Binary Location Must be a String
[2026-03-30 16:26:52] [INFO] Xvfb 已停止
[2026-03-30 16:26:52] [INFO] Xvfb 已启动: DISPLAY=:133
[2026-03-30 16:26:52] [INFO] IterAgent 初始化: k=3, n=2
[2026-03-30 16:26:52] [INFO] IterAgent 开始: Askar A Kleefeldt, URL: https://www2.mrc-lmb.cam.ac.uk/ccsb/people-2/
[2026-03-30 16:26:52] [INFO] 等待 Chrome 初始化锁...
[2026-03-30 16:26:52] [INFO] 未检测到 Chrome 主版本，将由 uc 自动选择驱动
[2026-03-30 16:26:53] [INFO] IterAgent 初始化: k=3, n=2
[2026-03-30 16:26:53] [INFO] IterAgent 开始: Askar A Kleefeldt, URL: https://orcid.org/0000-0002-1067-7782
[2026-03-30 16:26:53] [INFO] Xvfb 已启动: DISPLAY=:144
[2026-03-30 16:26:53] [INFO] 等待 Chrome 初始化锁...
[2026-03-30 16:26:53] [INFO] 未检测到 Chrome 主版本，将由 uc 自动选择驱动
[2026-03-30 16:26:54] [INFO] 等待 Chrome 初始化锁...
[2026-03-30 16:26:54] [INFO] Xvfb 已启动: DISPLAY=:155
[2026-03-30 16:26:54] [INFO] 未检测到 Chrome 主版本，将由 uc 自动选择驱动
[2026-03-30 16:26:54] [INFO] Xvfb 已停止
[2026-03-30 16:26:54] [INFO] 等待 Chrome 初始化锁...
[2026-03-30 16:26:54] [INFO] 未检测到 Chrome 主版本，将由 uc 自动选择驱动
[2026-03-30 16:26:55] [INFO] 等待 Chrome 初始化锁...
[2026-03-30 16:26:55] [INFO] Xvfb 已启动: DISPLAY=:133
[2026-03-30 16:26:55] [INFO] 等待 Chrome 初始化锁...
[2026-03-30 16:26:55] [INFO] 未检测到 Chrome 主版本，将由 uc 自动选择驱动
[2026-03-30 16:26:56] [INFO] 等待 Chrome 初始化锁...
[2026-03-30 16:26:56] [INFO] 未检测到 Chrome 主版本，将由 uc 自动选择驱动
[2026-03-30 16:26:56] [INFO] Xvfb 已停止
[2026-03-30 16:26:57] [INFO] 未检测到 Chrome 主版本，将由 uc 自动选择驱动
[2026-03-30 16:26:57] [ERROR] 执行失败: navigate, Binary Location Must be a String
[2026-03-30 16:26:57] [INFO] Xvfb 已停止
[2026-03-30 16:26:57] [INFO] Xvfb 已启动: DISPLAY=:144
[2026-03-30 16:26:57] [INFO] IterAgent 初始化: k=3, n=2
[2026-03-30 16:26:57] [INFO] IterAgent 开始: Askar A Kleefeldt, URL: https://www.biorxiv.org/content/10.1101/2025.05.02.651837v1
[2026-03-30 16:26:57] [INFO] 等待 Chrome 初始化锁...
[2026-03-30 16:26:58] [INFO] 未检测到 Chrome 主版本，将由 uc 自动选择驱动
[2026-03-30 16:26:58] [INFO] Xvfb 已停止
[2026-03-30 16:26:58] [INFO] Xvfb 已启动: DISPLAY=:176
[2026-03-30 16:26:59] [ERROR] 执行失败: navigate, Binary Location Must be a String
[2026-03-30 16:26:59] [INFO] Xvfb 已停止
[2026-03-30 16:26:59] [INFO] Xvfb 已启动: DISPLAY=:155
[2026-03-30 16:26:59] [INFO] 等待 Chrome 初始化锁...
[2026-03-30 16:26:59] [INFO] 未检测到 Chrome 主版本，将由 uc 自动选择驱动
[2026-03-30 16:26:59] [INFO] 等待 Chrome 初始化锁...
[2026-03-30 16:26:59] [INFO] 未检测到 Chrome 主版本，将由 uc 自动选择驱动
[2026-03-30 16:26:59] [INFO] IterAgent 初始化: k=3, n=2
[2026-03-30 16:26:59] [INFO] IterAgent 开始: Askar A Kleefeldt, URL: https://www.researchgate.net/publication/391405711_Escherichia_coli_with_a_57-codon_genetic_code
[2026-03-30 16:27:00] [INFO] 等待 Chrome 初始化锁...
[2026-03-30 16:27:00] [INFO] 未检测到 Chrome 主版本，将由 uc 自动选择驱动
[2026-03-30 16:27:00] [ERROR] 执行失败: navigate, Binary Location Must be a String
[2026-03-30 16:27:00] [INFO] Xvfb 已停止
[2026-03-30 16:27:00] [INFO] Xvfb 已启动: DISPLAY=:193
[2026-03-30 16:27:01] [INFO] 等待 Chrome 初始化锁...
[2026-03-30 16:27:01] [INFO] IterAgent 初始化: k=3, n=2
[2026-03-30 16:27:01] [INFO] IterAgent 开始: Askar A Kleefeldt, URL: https://uk.linkedin.com/in/ben-haworth-21431321a
[2026-03-30 16:27:01] [INFO] 未检测到 Chrome 主版本，将由 uc 自动选择驱动
[2026-03-30 16:27:01] [INFO] Xvfb 已停止
[2026-03-30 16:27:02] [INFO] Xvfb 已启动: DISPLAY=:104
[2026-03-30 16:27:02] [INFO] Xvfb 已启动: DISPLAY=:176
[2026-03-30 16:27:02] [INFO] 等待 Chrome 初始化锁...
[2026-03-30 16:27:02] [INFO] 未检测到 Chrome 主版本，将由 uc 自动选择驱动
[2026-03-30 16:27:02] [INFO] 等待 Chrome 初始化锁...
[2026-03-30 16:27:02] [INFO] 等待 Chrome 初始化锁...
[2026-03-30 16:27:03] [INFO] 未检测到 Chrome 主版本，将由 uc 自动选择驱动
[2026-03-30 16:27:03] [INFO] Xvfb 已停止
[2026-03-30 16:27:03] [INFO] 未检测到 Chrome 主版本，将由 uc 自动选择驱动
[2026-03-30 16:27:03] [ERROR] 执行失败: navigate, Binary Location Must be a String
[2026-03-30 16:27:03] [INFO] Xvfb 已停止
[2026-03-30 16:27:04] [INFO] Xvfb 已启动: DISPLAY=:193
[2026-03-30 16:27:04] [INFO] 等待 Chrome 初始化锁...
[2026-03-30 16:27:04] [INFO] IterAgent 初始化: k=3, n=2
[2026-03-30 16:27:04] [INFO] IterAgent 开始: Askar A Kleefeldt, URL: https://www.science.org/doi/abs/10.1126/science.ady4368?af=R&ref=reviewertoo.com
[2026-03-30 16:27:04] [INFO] 未检测到 Chrome 主版本，将由 uc 自动选择驱动
[2026-03-30 16:27:05] [INFO] 等待 Chrome 初始化锁...
[2026-03-30 16:27:05] [INFO] 未检测到 Chrome 主版本，将由 uc 自动选择驱动
[2026-03-30 16:27:05] [ERROR] 执行失败: navigate, Binary Location Must be a String
[2026-03-30 16:27:05] [INFO] Xvfb 已停止
[2026-03-30 16:27:05] [INFO] Xvfb 已启动: DISPLAY=:125
[2026-03-30 16:27:05] [INFO] 等待 Chrome 初始化锁...
[2026-03-30 16:27:07] [INFO] 未检测到 Chrome 主版本，将由 uc 自动选择驱动
[2026-03-30 16:27:07] [INFO] Xvfb 已停止
[2026-03-30 16:27:07] [INFO] 等待 Chrome 初始化锁...
[2026-03-30 16:27:07] [INFO] 未检测到 Chrome 主版本，将由 uc 自动选择驱动
[2026-03-30 16:27:08] [INFO] Xvfb 已停止
[2026-03-30 16:27:08] [INFO] Xvfb 已启动: DISPLAY=:104
[2026-03-30 16:27:08] [INFO] 等待 Chrome 初始化锁...
[2026-03-30 16:27:08] [INFO] 未检测到 Chrome 主版本，将由 uc 自动选择驱动
[2026-03-30 16:27:08] [ERROR] 执行失败: navigate, Binary Location Must be a String
[2026-03-30 16:27:08] [INFO] Xvfb 已停止
[2026-03-30 16:27:09] [INFO] Xvfb 已启动: DISPLAY=:125
[2026-03-30 16:27:09] [INFO] 等待 Chrome 初始化锁...
[2026-03-30 16:27:09] [INFO] 未检测到 Chrome 主版本，将由 uc 自动选择驱动
[2026-03-30 16:27:10] [ERROR] 执行失败: navigate, Binary Location Must be a String
[2026-03-30 16:27:10] [INFO] Xvfb 已停止
[2026-03-30 16:27:10] [INFO] IterAgent 初始化: k=3, n=2
[2026-03-30 16:27:10] [INFO] IterAgent 开始: Askar A Kleefeldt, URL: https://pubs.acs.org/doi/full/10.1021/acs.biochem.5c00075
[2026-03-30 16:27:10] [INFO] IterAgent 初始化: k=3, n=2
[2026-03-30 16:27:10] [INFO] IterAgent 开始: Askar A Kleefeldt, URL: https://www.science.org/doi/abs/10.1126/science.ady4368?af=R&ref=reviewertoo.com
[2026-03-30 16:27:10] [INFO] IterAgent 初始化: k=3, n=2
[2026-03-30 16:27:10] [INFO] IterAgent 开始: Askar A Kleefeldt, URL: https://www.science.org/doi/10.1126/science.aay0737
[2026-03-30 16:27:11] [INFO] Xvfb 已启动: DISPLAY=:153
[2026-03-30 16:27:11] [INFO] Xvfb 已启动: DISPLAY=:155
[2026-03-30 16:27:11] [INFO] Xvfb 已启动: DISPLAY=:156
[2026-03-30 16:27:11] [INFO] 等待 Chrome 初始化锁...
[2026-03-30 16:27:11] [INFO] 未检测到 Chrome 主版本，将由 uc 自动选择驱动
[2026-03-30 16:27:12] [INFO] 等待 Chrome 初始化锁...
[2026-03-30 16:27:12] [INFO] 等待 Chrome 初始化锁...
[2026-03-30 16:27:12] [INFO] 未检测到 Chrome 主版本，将由 uc 自动选择驱动
[2026-03-30 16:27:12] [INFO] 等待 Chrome 初始化锁...
[2026-03-30 16:27:12] [INFO] 未检测到 Chrome 主版本，将由 uc 自动选择驱动
[2026-03-30 16:27:13] [INFO] 等待 Chrome 初始化锁...
[2026-03-30 16:27:13] [INFO] 未检测到 Chrome 主版本，将由 uc 自动选择驱动
[2026-03-30 16:27:14] [INFO] 等待 Chrome 初始化锁...
[2026-03-30 16:27:14] [INFO] 未检测到 Chrome 主版本，将由 uc 自动选择驱动
[2026-03-30 16:27:14] [INFO] Xvfb 已停止
[2026-03-30 16:27:15] [INFO] 未检测到 Chrome 主版本，将由 uc 自动选择驱动
[2026-03-30 16:27:15] [INFO] Xvfb 已停止
[2026-03-30 16:27:15] [INFO] Xvfb 已启动: DISPLAY=:153
[2026-03-30 16:27:15] [INFO] 等待 Chrome 初始化锁...
[2026-03-30 16:27:16] [INFO] 未检测到 Chrome 主版本，将由 uc 自动选择驱动
[2026-03-30 16:27:16] [INFO] Xvfb 已停止
[2026-03-30 16:27:16] [INFO] Xvfb 已启动: DISPLAY=:156
[2026-03-30 16:27:16] [INFO] 等待 Chrome 初始化锁...
[2026-03-30 16:27:16] [INFO] 未检测到 Chrome 主版本，将由 uc 自动选择驱动
[2026-03-30 16:27:16] [ERROR] 执行失败: navigate, Binary Location Must be a String
[2026-03-30 16:27:16] [INFO] Xvfb 已停止
[2026-03-30 16:27:17] [INFO] Xvfb 已启动: DISPLAY=:155
[2026-03-30 16:27:17] [INFO] 等待 Chrome 初始化锁...
[2026-03-30 16:27:17] [INFO] IterAgent 初始化: k=3, n=2
[2026-03-30 16:27:17] [INFO] IterAgent 开始: Askar A Kleefeldt, URL: https://www.science.org/doi/abs/10.1126/science.ado3979
[2026-03-30 16:27:17] [INFO] 未检测到 Chrome 主版本，将由 uc 自动选择驱动
[2026-03-30 16:27:17] [ERROR] 执行失败: navigate, Binary Location Must be a String
[2026-03-30 16:27:17] [INFO] Xvfb 已停止
[2026-03-30 16:27:18] [INFO] Xvfb 已启动: DISPLAY=:101
[2026-03-30 16:27:18] [ERROR] 执行失败: navigate, Binary Location Must be a String
[2026-03-30 16:27:18] [INFO] Xvfb 已停止
[2026-03-30 16:27:18] [INFO] 等待 Chrome 初始化锁...
[2026-03-30 16:27:18] [INFO] 未检测到 Chrome 主版本，将由 uc 自动选择驱动
[2026-03-30 16:27:19] [INFO] 等待 Chrome 初始化锁...
[2026-03-30 16:27:19] [INFO] 未检测到 Chrome 主版本，将由 uc 自动选择驱动
[2026-03-30 16:27:20] [INFO] Xvfb 已停止
[2026-03-30 16:27:21] [INFO] Xvfb 已启动: DISPLAY=:101
[2026-03-30 16:27:21] [INFO] 等待 Chrome 初始化锁...
[2026-03-30 16:27:21] [INFO] 未检测到 Chrome 主版本，将由 uc 自动选择驱动
[2026-03-30 16:27:21] [ERROR] 执行失败: navigate, Binary Location Must be a String
[2026-03-30 16:27:21] [INFO] Xvfb 已停止
